<?xml version="1.0" encoding="UTF-8"?>
<!-- Generated by org.testng.reporters.JUnitXMLReporter -->
<testsuite ignored="0" hostname="Avankia--242" failures="0" tests="3" name="StandAloneTest Test" time="28.889" errors="0" timestamp="2024-08-11T13:49:04 IST">
  <testcase classname="FrameworkTest.FrameworkTest.StandAloneTest" name="standAlone" time="7.283"/>
  <testcase classname="FrameworkTest.FrameworkTest.StandAloneTest" name="standAlone" time="6.928"/>
  <testcase classname="FrameworkTest.FrameworkTest.StandAloneTest" name="orderHistoryTest" time="1.144"/>
</testsuite> <!-- StandAloneTest Test -->
