<?xml version="1.0" encoding="UTF-8"?>
<!-- Generated by org.testng.reporters.JUnitXMLReporter -->
<testsuite ignored="0" hostname="Avankia--242" failures="1" tests="2" name="SubmitOrder Test" time="9.797" errors="0" timestamp="2024-08-11T13:49:14 IST">
  <testcase classname="FrameworkTest.FrameworkTest.SubmitOrder" name="standAlone" time="1.002">
    <skipped/>
  </testcase> <!-- standAlone -->
  <testcase classname="FrameworkTest.FrameworkTest.SubmitOrder" name="standAlone" time="1.009">
    <failure type="java.lang.AssertionError" message="expected [Incorrect email or password.] but found [Incorrect 1email or password.]">
      <![CDATA[java.lang.AssertionError: expected [Incorrect email or password.] but found [Incorrect 1email or password.]
at FrameworkTest.FrameworkTest.SubmitOrder.standAlone(SubmitOrder.java:26)
at java.base/java.util.ArrayList.forEach(ArrayList.java:1541)
... Removed 33 stack frames]]>
    </failure>
  </testcase> <!-- standAlone -->
</testsuite> <!-- SubmitOrder Test -->
