<?xml version="1.0" encoding="UTF-8"?>
<!-- Generated by org.testng.reporters.JUnitXMLReporter -->
<testsuite ignored="2" hostname="Avankia--242" failures="0" tests="0" time="0.048" errors="0" timestamp="2024-08-12T10:09:40 IST">
  <testcase classname="FrameworkTest.FrameworkTest.StandAloneTest" name="orderHistoryTest" time="0.0">
    <ignored/>
  </testcase> <!-- orderHistoryTest -->
  <testcase classname="FrameworkTest.FrameworkTest.StandAloneTest" name="standAlone" time="0.0">
    <ignored/>
  </testcase> <!-- standAlone -->
</testsuite>
