<?xml version="1.0" encoding="UTF-8"?>
<testng-results ignored="0" total="0" passed="0" failed="0" skipped="0">
  <reporter-output>
  </reporter-output>
  <suite started-at="2024-08-12T10:09:40 IST" name="Suite" finished-at="2024-08-12T10:09:40 IST" duration-ms="178">
    <groups>
    </groups>
    <test started-at="2024-08-12T10:09:40 IST" name="StandAloneTest Test" finished-at="2024-08-12T10:09:40 IST" duration-ms="48">
    </test> <!-- StandAloneTest Test -->
    <test started-at="2024-08-12T10:09:40 IST" name="SubmitOrder Test" finished-at="2024-08-12T10:09:40 IST" duration-ms="0">
    </test> <!-- SubmitOrder Test -->
  </suite> <!-- Suite -->
</testng-results>
